<?xml version="1.0" encoding="UTF-8"?>
<!-- Generated by org.testng.reporters.JUnitXMLReporter -->
<testsuite ignored="0" hostname="gauravr400" failures="0" tests="4" name="TouchActions" time="173.477" errors="0" timestamp="2022-07-28T19:27:54 IST">
  <testcase classname="features.Login" name="InvokeTest" time="15.876"/>
  <testcase classname="features.Forms" name="InvokeTest" time="9.44"/>
  <testcase classname="features.Swipe" name="InvokeTest" time="31.229"/>
  <testcase classname="features.Drag" name="InvokeTest" time="35.926"/>
</testsuite> <!-- TouchActions -->
